<?xml version="1.0" encoding="UTF-8"?>
<testng-results ignored="0" total="1" passed="1" failed="0" skipped="0">
  <reporter-output>
  </reporter-output>
  <suite started-at="2023-09-16T18:14:23 IST" name="Learner Hub" finished-at="2023-09-16T18:16:40 IST" duration-ms="137345">
    <groups>
      <group name="cucumber">
        <method signature="AbstractTestNGCucumberTests.runScenario(cucumber.api.testng.PickleEventWrapper, cucumber.api.testng.CucumberFeatureWrapper)[pri:0, instance:com.learnerhub.testcases.TC001_JustLogin@313ac989]" name="runScenario" class="cucumber.api.testng.AbstractTestNGCucumberTests"/>
      </group> <!-- cucumber -->
    </groups>
    <test started-at="2023-09-16T18:14:23 IST" name="Login" finished-at="2023-09-16T18:16:40 IST" duration-ms="137345">
      <class name="com.learnerhub.testcases.TC001_JustLogin">
        <test-method is-config="true" signature="startReport()[pri:0, instance:com.learnerhub.testcases.TC001_JustLogin@313ac989]" started-at="2023-09-16T18:14:22 IST" name="startReport" finished-at="2023-09-16T18:14:23 IST" duration-ms="406" status="PASS">
          <reporter-output>
          </reporter-output>
        </test-method> <!-- startReport -->
        <test-method is-config="true" signature="setValues()[pri:0, instance:com.learnerhub.testcases.TC001_JustLogin@313ac989]" started-at="2023-09-16T18:14:23 IST" name="setValues" finished-at="2023-09-16T18:14:23 IST" duration-ms="1" status="PASS">
          <reporter-output>
          </reporter-output>
        </test-method> <!-- setValues -->
        <test-method is-config="true" signature="setUpClass()[pri:0, instance:com.learnerhub.testcases.TC001_JustLogin@313ac989]" started-at="2023-09-16T18:14:23 IST" name="setUpClass" finished-at="2023-09-16T18:14:23 IST" duration-ms="103" status="PASS">
          <reporter-output>
          </reporter-output>
        </test-method> <!-- setUpClass -->
        <test-method is-config="true" signature="startTestCase()[pri:0, instance:com.learnerhub.testcases.TC001_JustLogin@313ac989]" started-at="2023-09-16T18:14:23 IST" name="startTestCase" finished-at="2023-09-16T18:14:23 IST" duration-ms="4" status="PASS">
          <reporter-output>
          </reporter-output>
        </test-method> <!-- startTestCase -->
        <test-method is-config="true" signature="preCondition()[pri:0, instance:com.learnerhub.testcases.TC001_JustLogin@313ac989]" started-at="2023-09-16T18:14:23 IST" name="preCondition" finished-at="2023-09-16T18:14:30 IST" duration-ms="6941" status="PASS">
          <reporter-output>
          </reporter-output>
        </test-method> <!-- preCondition -->
        <test-method signature="runLogin()[pri:0, instance:com.learnerhub.testcases.TC001_JustLogin@313ac989]" started-at="2023-09-16T18:14:30 IST" name="runLogin" finished-at="2023-09-16T18:16:38 IST" duration-ms="127703" status="PASS">
          <reporter-output>
          </reporter-output>
        </test-method> <!-- runLogin -->
        <test-method is-config="true" signature="postCondition()[pri:0, instance:com.learnerhub.testcases.TC001_JustLogin@313ac989]" started-at="2023-09-16T18:16:38 IST" name="postCondition" finished-at="2023-09-16T18:16:40 IST" duration-ms="2098" status="PASS">
          <reporter-output>
          </reporter-output>
        </test-method> <!-- postCondition -->
        <test-method is-config="true" signature="updateResult()[pri:0, instance:com.learnerhub.testcases.TC001_JustLogin@313ac989]" started-at="2023-09-16T18:16:40 IST" name="updateResult" finished-at="2023-09-16T18:16:40 IST" duration-ms="435" status="PASS">
          <reporter-output>
          </reporter-output>
        </test-method> <!-- updateResult -->
        <test-method is-config="true" signature="tearDownClass()[pri:0, instance:com.learnerhub.testcases.TC001_JustLogin@313ac989]" started-at="2023-09-16T18:16:40 IST" name="tearDownClass" finished-at="2023-09-16T18:16:40 IST" duration-ms="3" status="PASS">
          <reporter-output>
          </reporter-output>
        </test-method> <!-- tearDownClass -->
        <test-method is-config="true" signature="endResult()[pri:0, instance:com.learnerhub.testcases.TC001_JustLogin@313ac989]" started-at="2023-09-16T18:16:40 IST" name="endResult" finished-at="2023-09-16T18:16:41 IST" duration-ms="594" status="PASS">
          <reporter-output>
          </reporter-output>
        </test-method> <!-- endResult -->
      </class> <!-- com.learnerhub.testcases.TC001_JustLogin -->
    </test> <!-- Login -->
  </suite> <!-- Learner Hub -->
</testng-results>
