<?xml version="1.0" encoding="UTF-8"?>
<testng-results ignored="0" total="1" passed="1" failed="0" skipped="0">
  <reporter-output>
  </reporter-output>
  <suite started-at="2023-09-16T18:34:46 IST" name="Learner Hub" finished-at="2023-09-16T18:35:05 IST" duration-ms="18961">
    <groups>
      <group name="cucumber">
        <method signature="AbstractTestNGCucumberTests.runScenario(cucumber.api.testng.PickleEventWrapper, cucumber.api.testng.CucumberFeatureWrapper)[pri:0, instance:com.learnerhub.testcases.TC001_JustLogin@3023df74]" name="runScenario" class="cucumber.api.testng.AbstractTestNGCucumberTests"/>
      </group> <!-- cucumber -->
    </groups>
    <test started-at="2023-09-16T18:34:46 IST" name="Login" finished-at="2023-09-16T18:35:05 IST" duration-ms="18961">
      <class name="com.learnerhub.testcases.TC001_JustLogin">
        <test-method is-config="true" signature="startReport()[pri:0, instance:com.learnerhub.testcases.TC001_JustLogin@3023df74]" started-at="2023-09-16T18:34:46 IST" name="startReport" finished-at="2023-09-16T18:34:46 IST" duration-ms="140" status="PASS">
          <reporter-output>
          </reporter-output>
        </test-method> <!-- startReport -->
        <test-method is-config="true" signature="setValues()[pri:0, instance:com.learnerhub.testcases.TC001_JustLogin@3023df74]" started-at="2023-09-16T18:34:46 IST" name="setValues" finished-at="2023-09-16T18:34:46 IST" duration-ms="0" status="PASS">
          <reporter-output>
          </reporter-output>
        </test-method> <!-- setValues -->
        <test-method is-config="true" signature="setUpClass()[pri:0, instance:com.learnerhub.testcases.TC001_JustLogin@3023df74]" started-at="2023-09-16T18:34:46 IST" name="setUpClass" finished-at="2023-09-16T18:34:46 IST" duration-ms="108" status="PASS">
          <reporter-output>
          </reporter-output>
        </test-method> <!-- setUpClass -->
        <test-method is-config="true" signature="startTestCase()[pri:0, instance:com.learnerhub.testcases.TC001_JustLogin@3023df74]" started-at="2023-09-16T18:34:46 IST" name="startTestCase" finished-at="2023-09-16T18:34:46 IST" duration-ms="6" status="PASS">
          <reporter-output>
          </reporter-output>
        </test-method> <!-- startTestCase -->
        <test-method is-config="true" signature="preCondition()[pri:0, instance:com.learnerhub.testcases.TC001_JustLogin@3023df74]" started-at="2023-09-16T18:34:46 IST" name="preCondition" finished-at="2023-09-16T18:34:51 IST" duration-ms="4768" status="PASS">
          <reporter-output>
          </reporter-output>
        </test-method> <!-- preCondition -->
        <test-method signature="runLogin()[pri:0, instance:com.learnerhub.testcases.TC001_JustLogin@3023df74]" started-at="2023-09-16T18:34:51 IST" name="runLogin" finished-at="2023-09-16T18:35:02 IST" duration-ms="11405" status="PASS">
          <reporter-output>
          </reporter-output>
        </test-method> <!-- runLogin -->
        <test-method is-config="true" signature="postCondition()[pri:0, instance:com.learnerhub.testcases.TC001_JustLogin@3023df74]" started-at="2023-09-16T18:35:02 IST" name="postCondition" finished-at="2023-09-16T18:35:05 IST" duration-ms="2111" status="PASS">
          <reporter-output>
          </reporter-output>
        </test-method> <!-- postCondition -->
        <test-method is-config="true" signature="updateResult()[pri:0, instance:com.learnerhub.testcases.TC001_JustLogin@3023df74]" started-at="2023-09-16T18:35:05 IST" name="updateResult" finished-at="2023-09-16T18:35:05 IST" duration-ms="508" status="PASS">
          <reporter-output>
          </reporter-output>
        </test-method> <!-- updateResult -->
        <test-method is-config="true" signature="tearDownClass()[pri:0, instance:com.learnerhub.testcases.TC001_JustLogin@3023df74]" started-at="2023-09-16T18:35:05 IST" name="tearDownClass" finished-at="2023-09-16T18:35:05 IST" duration-ms="4" status="PASS">
          <reporter-output>
          </reporter-output>
        </test-method> <!-- tearDownClass -->
        <test-method is-config="true" signature="endResult()[pri:0, instance:com.learnerhub.testcases.TC001_JustLogin@3023df74]" started-at="2023-09-16T18:35:05 IST" name="endResult" finished-at="2023-09-16T18:35:06 IST" duration-ms="581" status="PASS">
          <reporter-output>
          </reporter-output>
        </test-method> <!-- endResult -->
      </class> <!-- com.learnerhub.testcases.TC001_JustLogin -->
    </test> <!-- Login -->
  </suite> <!-- Learner Hub -->
</testng-results>
